<?xml version="1.0" encoding="UTF-8" standalone="yes"?><!DOCTYPE report PUBLIC "-//JACOCO//DTD Report 1.1//EN" "report.dtd"><report name="MavenMinesweeper"><sessioninfo id="DESKTOP-FP407AR-617bec74" start="1665757434494" dump="1665757435165"/><package name=""><class name="NumberSpace" sourcefilename="NumberSpace.java"><method name="&lt;init&gt;" desc="()V" line="4"><counter type="INSTRUCTION" missed="0" covered="9"/><counter type="LINE" missed="0" covered="4"/><counter type="COMPLEXITY" missed="0" covered="1"/><counter type="METHOD" missed="0" covered="1"/></method><counter type="INSTRUCTION" missed="0" covered="9"/><counter type="LINE" missed="0" covered="4"/><counter type="COMPLEXITY" missed="0" covered="1"/><counter type="METHOD" missed="0" covered="1"/><counter type="CLASS" missed="0" covered="1"/></class><class name="Grid" sourcefilename="Grid.java"><method name="&lt;init&gt;" desc="()V" line="7"><counter type="INSTRUCTION" missed="0" covered="29"/><counter type="LINE" missed="0" covered="7"/><counter type="COMPLEXITY" missed="0" covered="1"/><counter type="METHOD" missed="0" covered="1"/></method><method name="setMines" desc="([[LTile;)V" line="18"><counter type="INSTRUCTION" missed="0" covered="44"/><counter type="BRANCH" missed="0" covered="2"/><counter type="LINE" missed="0" covered="9"/><counter type="COMPLEXITY" missed="0" covered="2"/><counter type="METHOD" missed="0" covered="1"/></method><method name="setZeroes" desc="([[LTile;)V" line="32"><counter type="INSTRUCTION" missed="0" covered="33"/><counter type="BRANCH" missed="0" covered="6"/><counter type="LINE" missed="0" covered="5"/><counter type="COMPLEXITY" missed="0" covered="4"/><counter type="METHOD" missed="0" covered="1"/></method><method name="setValues" desc="([[LTile;)V" line="41"><counter type="INSTRUCTION" missed="0" covered="432"/><counter type="BRANCH" missed="0" covered="30"/><counter type="LINE" missed="0" covered="51"/><counter type="COMPLEXITY" missed="0" covered="16"/><counter type="METHOD" missed="0" covered="1"/></method><method name="showTiles" desc="(II)V" line="101"><counter type="INSTRUCTION" missed="13" covered="165"/><counter type="BRANCH" missed="4" covered="18"/><counter type="LINE" missed="4" covered="19"/><counter type="COMPLEXITY" missed="4" covered="8"/><counter type="METHOD" missed="0" covered="1"/></method><method name="downBounds" desc="(I)Z" line="138"><counter type="INSTRUCTION" missed="0" covered="13"/><counter type="BRANCH" missed="0" covered="4"/><counter type="LINE" missed="0" covered="1"/><counter type="COMPLEXITY" missed="0" covered="3"/><counter type="METHOD" missed="0" covered="1"/></method><method name="acrossBounds" desc="(I)Z" line="142"><counter type="INSTRUCTION" missed="0" covered="11"/><counter type="BRANCH" missed="0" covered="4"/><counter type="LINE" missed="0" covered="1"/><counter type="COMPLEXITY" missed="0" covered="3"/><counter type="METHOD" missed="0" covered="1"/></method><method name="setFlag" desc="(II)V" line="146"><counter type="INSTRUCTION" missed="52" covered="0"/><counter type="BRANCH" missed="4" covered="0"/><counter type="LINE" missed="8" covered="0"/><counter type="COMPLEXITY" missed="3" covered="0"/><counter type="METHOD" missed="1" covered="0"/></method><method name="setNames" desc="([[LTile;)V" line="157"><counter type="INSTRUCTION" missed="31" covered="38"/><counter type="BRANCH" missed="5" covered="5"/><counter type="LINE" missed="5" covered="5"/><counter type="COMPLEXITY" missed="3" covered="3"/><counter type="METHOD" missed="0" covered="1"/></method><method name="getTable" desc="()Ljava/lang/String;" line="173"><counter type="INSTRUCTION" missed="0" covered="97"/><counter type="BRANCH" missed="0" covered="6"/><counter type="LINE" missed="0" covered="12"/><counter type="COMPLEXITY" missed="0" covered="4"/><counter type="METHOD" missed="0" covered="1"/></method><counter type="INSTRUCTION" missed="96" covered="862"/><counter type="BRANCH" missed="13" covered="75"/><counter type="LINE" missed="17" covered="110"/><counter type="COMPLEXITY" missed="10" covered="44"/><counter type="METHOD" missed="1" covered="9"/><counter type="CLASS" missed="0" covered="1"/></class><class name="Mine" sourcefilename="Mine.java"><method name="&lt;init&gt;" desc="()V" line="3"><counter type="INSTRUCTION" missed="0" covered="12"/><counter type="LINE" missed="0" covered="5"/><counter type="COMPLEXITY" missed="0" covered="1"/><counter type="METHOD" missed="0" covered="1"/></method><counter type="INSTRUCTION" missed="0" covered="12"/><counter type="LINE" missed="0" covered="5"/><counter type="COMPLEXITY" missed="0" covered="1"/><counter type="METHOD" missed="0" covered="1"/><counter type="CLASS" missed="0" covered="1"/></class><class name="Tile" sourcefilename="Tile.java"><method name="&lt;init&gt;" desc="()V" line="9"><counter type="INSTRUCTION" missed="0" covered="9"/><counter type="LINE" missed="0" covered="4"/><counter type="COMPLEXITY" missed="0" covered="1"/><counter type="METHOD" missed="0" covered="1"/></method><method name="setFlag" desc="()V" line="15"><counter type="INSTRUCTION" missed="0" covered="9"/><counter type="BRANCH" missed="0" covered="2"/><counter type="LINE" missed="0" covered="2"/><counter type="COMPLEXITY" missed="0" covered="2"/><counter type="METHOD" missed="0" covered="1"/></method><method name="getFlag" desc="()Z" line="18"><counter type="INSTRUCTION" missed="0" covered="3"/><counter type="LINE" missed="0" covered="1"/><counter type="COMPLEXITY" missed="0" covered="1"/><counter type="METHOD" missed="0" covered="1"/></method><method name="addNearbyMine" desc="()V" line="21"><counter type="INSTRUCTION" missed="0" covered="7"/><counter type="LINE" missed="0" covered="2"/><counter type="COMPLEXITY" missed="0" covered="1"/><counter type="METHOD" missed="0" covered="1"/></method><method name="getMine" desc="()Z" line="24"><counter type="INSTRUCTION" missed="0" covered="3"/><counter type="LINE" missed="0" covered="1"/><counter type="COMPLEXITY" missed="0" covered="1"/><counter type="METHOD" missed="0" covered="1"/></method><method name="getValue" desc="()I" line="27"><counter type="INSTRUCTION" missed="0" covered="3"/><counter type="LINE" missed="0" covered="1"/><counter type="COMPLEXITY" missed="0" covered="1"/><counter type="METHOD" missed="0" covered="1"/></method><method name="setName" desc="(Ljava/lang/String;)V" line="30"><counter type="INSTRUCTION" missed="0" covered="4"/><counter type="LINE" missed="0" covered="2"/><counter type="COMPLEXITY" missed="0" covered="1"/><counter type="METHOD" missed="0" covered="1"/></method><method name="getName" desc="()Ljava/lang/String;" line="33"><counter type="INSTRUCTION" missed="0" covered="3"/><counter type="LINE" missed="0" covered="1"/><counter type="COMPLEXITY" missed="0" covered="1"/><counter type="METHOD" missed="0" covered="1"/></method><method name="getHidden" desc="()Z" line="36"><counter type="INSTRUCTION" missed="0" covered="3"/><counter type="LINE" missed="0" covered="1"/><counter type="COMPLEXITY" missed="0" covered="1"/><counter type="METHOD" missed="0" covered="1"/></method><method name="setHidden" desc="(Z)V" line="39"><counter type="INSTRUCTION" missed="0" covered="4"/><counter type="LINE" missed="0" covered="2"/><counter type="COMPLEXITY" missed="0" covered="1"/><counter type="METHOD" missed="0" covered="1"/></method><counter type="INSTRUCTION" missed="0" covered="48"/><counter type="BRANCH" missed="0" covered="2"/><counter type="LINE" missed="0" covered="17"/><counter type="COMPLEXITY" missed="0" covered="11"/><counter type="METHOD" missed="0" covered="10"/><counter type="CLASS" missed="0" covered="1"/></class><class name="Main" sourcefilename="Main.java"><method name="&lt;init&gt;" desc="()V" line="3"><counter type="INSTRUCTION" missed="3" covered="0"/><counter type="LINE" missed="1" covered="0"/><counter type="COMPLEXITY" missed="1" covered="0"/><counter type="METHOD" missed="1" covered="0"/></method><method name="main" desc="([Ljava/lang/String;)V" line="6"><counter type="INSTRUCTION" missed="209" covered="0"/><counter type="BRANCH" missed="27" covered="0"/><counter type="LINE" missed="45" covered="0"/><counter type="COMPLEXITY" missed="15" covered="0"/><counter type="METHOD" missed="1" covered="0"/></method><counter type="INSTRUCTION" missed="212" covered="0"/><counter type="BRANCH" missed="27" covered="0"/><counter type="LINE" missed="46" covered="0"/><counter type="COMPLEXITY" missed="16" covered="0"/><counter type="METHOD" missed="2" covered="0"/><counter type="CLASS" missed="1" covered="0"/></class><sourcefile name="Grid.java"><line nr="7" mi="0" ci="3" mb="0" cb="0"/><line nr="10" mi="0" ci="2" mb="0" cb="0"/><line nr="11" mi="0" ci="5" mb="0" cb="0"/><line nr="12" mi="0" ci="3" mb="0" cb="0"/><line nr="13" mi="0" ci="4" mb="0" cb="0"/><line nr="14" mi="0" ci="11" mb="0" cb="0"/><line nr="15" mi="0" ci="1" mb="0" cb="0"/><line nr="18" mi="0" ci="10" mb="0" cb="2"/><line nr="19" mi="0" ci="4" mb="0" cb="0"/><line nr="20" mi="0" ci="5" mb="0" cb="0"/><line nr="21" mi="0" ci="7" mb="0" cb="0"/><line nr="22" mi="0" ci="8" mb="0" cb="0"/><line nr="26" mi="0" ci="3" mb="0" cb="0"/><line nr="27" mi="0" ci="3" mb="0" cb="0"/><line nr="28" mi="0" ci="3" mb="0" cb="0"/><line nr="29" mi="0" ci="1" mb="0" cb="0"/><line nr="32" mi="0" ci="8" mb="0" cb="2"/><line nr="33" mi="0" ci="10" mb="0" cb="2"/><line nr="34" mi="0" ci="6" mb="0" cb="2"/><line nr="35" mi="0" ci="8" mb="0" cb="0"/><line nr="39" mi="0" ci="1" mb="0" cb="0"/><line nr="41" mi="0" ci="8" mb="0" cb="2"/><line nr="42" mi="0" ci="10" mb="0" cb="2"/><line nr="43" mi="0" ci="7" mb="0" cb="2"/><line nr="44" mi="0" ci="4" mb="0" cb="4"/><line nr="45" mi="0" ci="8" mb="0" cb="0"/><line nr="46" mi="0" ci="11" mb="0" cb="0"/><line nr="47" mi="0" ci="14" mb="0" cb="4"/><line nr="48" mi="0" ci="10" mb="0" cb="0"/><line nr="49" mi="0" ci="8" mb="0" cb="0"/><line nr="50" mi="0" ci="9" mb="0" cb="0"/><line nr="51" mi="0" ci="8" mb="0" cb="4"/><line nr="52" mi="0" ci="10" mb="0" cb="0"/><line nr="53" mi="0" ci="8" mb="0" cb="0"/><line nr="54" mi="0" ci="9" mb="0" cb="0"/><line nr="55" mi="0" ci="10" mb="0" cb="4"/><line nr="56" mi="0" ci="10" mb="0" cb="0"/><line nr="57" mi="0" ci="8" mb="0" cb="0"/><line nr="58" mi="0" ci="9" mb="0" cb="0"/><line nr="59" mi="0" ci="2" mb="0" cb="2"/><line nr="60" mi="0" ci="8" mb="0" cb="0"/><line nr="61" mi="0" ci="8" mb="0" cb="0"/><line nr="62" mi="0" ci="10" mb="0" cb="0"/><line nr="63" mi="0" ci="8" mb="0" cb="0"/><line nr="64" mi="0" ci="11" mb="0" cb="0"/><line nr="65" mi="0" ci="6" mb="0" cb="2"/><line nr="66" mi="0" ci="10" mb="0" cb="0"/><line nr="67" mi="0" ci="8" mb="0" cb="0"/><line nr="68" mi="0" ci="10" mb="0" cb="0"/><line nr="69" mi="0" ci="8" mb="0" cb="0"/><line nr="70" mi="0" ci="9" mb="0" cb="0"/><line nr="71" mi="0" ci="2" mb="0" cb="2"/><line nr="72" mi="0" ci="8" mb="0" cb="0"/><line nr="73" mi="0" ci="10" mb="0" cb="0"/><line nr="74" mi="0" ci="8" mb="0" cb="0"/><line nr="75" mi="0" ci="8" mb="0" cb="0"/><line nr="76" mi="0" ci="11" mb="0" cb="0"/><line nr="77" mi="0" ci="8" mb="0" cb="2"/><line nr="78" mi="0" ci="10" mb="0" cb="0"/><line nr="79" mi="0" ci="8" mb="0" cb="0"/><line nr="80" mi="0" ci="8" mb="0" cb="0"/><line nr="81" mi="0" ci="10" mb="0" cb="0"/><line nr="82" mi="0" ci="9" mb="0" cb="0"/><line nr="84" mi="0" ci="10" mb="0" cb="0"/><line nr="85" mi="0" ci="8" mb="0" cb="0"/><line nr="86" mi="0" ci="10" mb="0" cb="0"/><line nr="88" mi="0" ci="8" mb="0" cb="0"/><line nr="89" mi="0" ci="8" mb="0" cb="0"/><line nr="91" mi="0" ci="10" mb="0" cb="0"/><line nr="92" mi="0" ci="8" mb="0" cb="0"/><line nr="93" mi="0" ci="10" mb="0" cb="0"/><line nr="98" mi="0" ci="1" mb="0" cb="0"/><line nr="101" mi="0" ci="8" mb="0" cb="2"/><line nr="102" mi="0" ci="6" mb="0" cb="0"/><line nr="104" mi="0" ci="5" mb="1" cb="1"/><line nr="105" mi="3" ci="0" mb="0" cb="0"/><line nr="107" mi="0" ci="8" mb="1" cb="1"/><line nr="108" mi="3" ci="0" mb="0" cb="0"/><line nr="110" mi="0" ci="8" mb="1" cb="1"/><line nr="111" mi="4" ci="0" mb="0" cb="0"/><line nr="113" mi="0" ci="8" mb="0" cb="0"/><line nr="116" mi="0" ci="8" mb="0" cb="2"/><line nr="117" mi="0" ci="19" mb="0" cb="0"/><line nr="118" mi="0" ci="19" mb="0" cb="0"/><line nr="119" mi="0" ci="16" mb="0" cb="2"/><line nr="120" mi="0" ci="4" mb="0" cb="2"/><line nr="121" mi="0" ci="16" mb="0" cb="2"/><line nr="122" mi="0" ci="12" mb="0" cb="4"/><line nr="123" mi="0" ci="8" mb="0" cb="0"/><line nr="124" mi="0" ci="6" mb="0" cb="0"/><line nr="125" mi="0" ci="5" mb="1" cb="1"/><line nr="126" mi="3" ci="0" mb="0" cb="0"/><line nr="128" mi="0" ci="4" mb="0" cb="0"/><line nr="129" mi="0" ci="4" mb="0" cb="0"/><line nr="135" mi="0" ci="1" mb="0" cb="0"/><line nr="138" mi="0" ci="13" mb="0" cb="4"/><line nr="142" mi="0" ci="11" mb="0" cb="4"/><line nr="146" mi="8" ci="0" mb="2" cb="0"/><line nr="147" mi="7" ci="0" mb="0" cb="0"/><line nr="148" mi="9" ci="0" mb="0" cb="0"/><line nr="149" mi="8" ci="0" mb="2" cb="0"/><line nr="150" mi="7" ci="0" mb="0" cb="0"/><line nr="151" mi="9" ci="0" mb="0" cb="0"/><line nr="153" mi="3" ci="0" mb="0" cb="0"/><line nr="155" mi="1" ci="0" mb="0" cb="0"/><line nr="157" mi="0" ci="16" mb="0" cb="2"/><line nr="158" mi="0" ci="10" mb="0" cb="2"/><line nr="159" mi="0" ci="5" mb="1" cb="1"/><line nr="160" mi="0" ci="6" mb="0" cb="0"/><line nr="161" mi="5" ci="0" mb="2" cb="0"/><line nr="162" mi="6" ci="0" mb="0" cb="0"/><line nr="163" mi="5" ci="0" mb="2" cb="0"/><line nr="164" mi="6" ci="0" mb="0" cb="0"/><line nr="166" mi="9" ci="0" mb="0" cb="0"/><line nr="170" mi="0" ci="1" mb="0" cb="0"/><line nr="173" mi="0" ci="4" mb="0" cb="0"/><line nr="174" mi="0" ci="9" mb="0" cb="2"/><line nr="175" mi="0" ci="10" mb="0" cb="0"/><line nr="177" mi="0" ci="4" mb="0" cb="0"/><line nr="181" mi="0" ci="11" mb="0" cb="2"/><line nr="182" mi="0" ci="8" mb="0" cb="0"/><line nr="183" mi="0" ci="17" mb="0" cb="2"/><line nr="184" mi="0" ci="9" mb="0" cb="0"/><line nr="186" mi="0" ci="4" mb="0" cb="0"/><line nr="188" mi="0" ci="9" mb="0" cb="0"/><line nr="189" mi="0" ci="9" mb="0" cb="0"/><line nr="190" mi="0" ci="3" mb="0" cb="0"/><counter type="INSTRUCTION" missed="96" covered="862"/><counter type="BRANCH" missed="13" covered="75"/><counter type="LINE" missed="17" covered="110"/><counter type="COMPLEXITY" missed="10" covered="44"/><counter type="METHOD" missed="1" covered="9"/><counter type="CLASS" missed="0" covered="1"/></sourcefile><sourcefile name="Mine.java"><line nr="3" mi="0" ci="2" mb="0" cb="0"/><line nr="4" mi="0" ci="3" mb="0" cb="0"/><line nr="5" mi="0" ci="3" mb="0" cb="0"/><line nr="6" mi="0" ci="3" mb="0" cb="0"/><line nr="7" mi="0" ci="1" mb="0" cb="0"/><counter type="INSTRUCTION" missed="0" covered="12"/><counter type="LINE" missed="0" covered="5"/><counter type="COMPLEXITY" missed="0" covered="1"/><counter type="METHOD" missed="0" covered="1"/><counter type="CLASS" missed="0" covered="1"/></sourcefile><sourcefile name="Main.java"><line nr="3" mi="3" ci="0" mb="0" cb="0"/><line nr="6" mi="5" ci="0" mb="0" cb="0"/><line nr="8" mi="2" ci="0" mb="0" cb="0"/><line nr="12" mi="4" ci="0" mb="0" cb="0"/><line nr="13" mi="4" ci="0" mb="0" cb="0"/><line nr="14" mi="3" ci="0" mb="2" cb="0"/><line nr="15" mi="3" ci="0" mb="0" cb="0"/><line nr="16" mi="3" ci="0" mb="0" cb="0"/><line nr="17" mi="8" ci="0" mb="3" cb="0"/><line nr="20" mi="8" ci="0" mb="0" cb="0"/><line nr="21" mi="3" ci="0" mb="0" cb="0"/><line nr="22" mi="9" ci="0" mb="4" cb="0"/><line nr="23" mi="6" ci="0" mb="0" cb="0"/><line nr="24" mi="3" ci="0" mb="0" cb="0"/><line nr="25" mi="7" ci="0" mb="4" cb="0"/><line nr="26" mi="1" ci="0" mb="0" cb="0"/><line nr="28" mi="4" ci="0" mb="0" cb="0"/><line nr="31" mi="4" ci="0" mb="0" cb="0"/><line nr="34" mi="8" ci="0" mb="0" cb="0"/><line nr="35" mi="4" ci="0" mb="0" cb="0"/><line nr="36" mi="4" ci="0" mb="0" cb="0"/><line nr="37" mi="1" ci="0" mb="0" cb="0"/><line nr="40" mi="6" ci="0" mb="0" cb="0"/><line nr="41" mi="5" ci="0" mb="0" cb="0"/><line nr="42" mi="7" ci="0" mb="4" cb="0"/><line nr="43" mi="8" ci="0" mb="0" cb="0"/><line nr="44" mi="5" ci="0" mb="0" cb="0"/><line nr="45" mi="9" ci="0" mb="4" cb="0"/><line nr="46" mi="1" ci="0" mb="0" cb="0"/><line nr="48" mi="4" ci="0" mb="0" cb="0"/><line nr="51" mi="4" ci="0" mb="0" cb="0"/><line nr="54" mi="4" ci="0" mb="0" cb="0"/><line nr="55" mi="4" ci="0" mb="0" cb="0"/><line nr="56" mi="4" ci="0" mb="0" cb="0"/><line nr="57" mi="1" ci="0" mb="0" cb="0"/><line nr="58" mi="3" ci="0" mb="0" cb="0"/><line nr="59" mi="1" ci="0" mb="0" cb="0"/><line nr="61" mi="5" ci="0" mb="2" cb="0"/><line nr="62" mi="4" ci="0" mb="0" cb="0"/><line nr="64" mi="9" ci="0" mb="2" cb="0"/><line nr="65" mi="11" ci="0" mb="2" cb="0"/><line nr="66" mi="8" ci="0" mb="0" cb="0"/><line nr="67" mi="4" ci="0" mb="0" cb="0"/><line nr="70" mi="4" ci="0" mb="0" cb="0"/><line nr="71" mi="3" ci="0" mb="0" cb="0"/><line nr="73" mi="1" ci="0" mb="0" cb="0"/><counter type="INSTRUCTION" missed="212" covered="0"/><counter type="BRANCH" missed="27" covered="0"/><counter type="LINE" missed="46" covered="0"/><counter type="COMPLEXITY" missed="16" covered="0"/><counter type="METHOD" missed="2" covered="0"/><counter type="CLASS" missed="1" covered="0"/></sourcefile><sourcefile name="Tile.java"><line nr="9" mi="0" ci="2" mb="0" cb="0"/><line nr="10" mi="0" ci="3" mb="0" cb="0"/><line nr="11" mi="0" ci="3" mb="0" cb="0"/><line nr="12" mi="0" ci="1" mb="0" cb="0"/><line nr="15" mi="0" ci="8" mb="0" cb="2"/><line nr="16" mi="0" ci="1" mb="0" cb="0"/><line nr="18" mi="0" ci="3" mb="0" cb="0"/><line nr="21" mi="0" ci="6" mb="0" cb="0"/><line nr="22" mi="0" ci="1" mb="0" cb="0"/><line nr="24" mi="0" ci="3" mb="0" cb="0"/><line nr="27" mi="0" ci="3" mb="0" cb="0"/><line nr="30" mi="0" ci="3" mb="0" cb="0"/><line nr="31" mi="0" ci="1" mb="0" cb="0"/><line nr="33" mi="0" ci="3" mb="0" cb="0"/><line nr="36" mi="0" ci="3" mb="0" cb="0"/><line nr="39" mi="0" ci="3" mb="0" cb="0"/><line nr="40" mi="0" ci="1" mb="0" cb="0"/><counter type="INSTRUCTION" missed="0" covered="48"/><counter type="BRANCH" missed="0" covered="2"/><counter type="LINE" missed="0" covered="17"/><counter type="COMPLEXITY" missed="0" covered="11"/><counter type="METHOD" missed="0" covered="10"/><counter type="CLASS" missed="0" covered="1"/></sourcefile><sourcefile name="NumberSpace.java"><line nr="4" mi="0" ci="2" mb="0" cb="0"/><line nr="5" mi="0" ci="3" mb="0" cb="0"/><line nr="6" mi="0" ci="3" mb="0" cb="0"/><line nr="8" mi="0" ci="1" mb="0" cb="0"/><counter type="INSTRUCTION" missed="0" covered="9"/><counter type="LINE" missed="0" covered="4"/><counter type="COMPLEXITY" missed="0" covered="1"/><counter type="METHOD" missed="0" covered="1"/><counter type="CLASS" missed="0" covered="1"/></sourcefile><counter type="INSTRUCTION" missed="308" covered="931"/><counter type="BRANCH" missed="40" covered="77"/><counter type="LINE" missed="63" covered="136"/><counter type="COMPLEXITY" missed="26" covered="57"/><counter type="METHOD" missed="3" covered="21"/><counter type="CLASS" missed="1" covered="4"/></package><counter type="INSTRUCTION" missed="308" covered="931"/><counter type="BRANCH" missed="40" covered="77"/><counter type="LINE" missed="63" covered="136"/><counter type="COMPLEXITY" missed="26" covered="57"/><counter type="METHOD" missed="3" covered="21"/><counter type="CLASS" missed="1" covered="4"/></report>